Build started 6/2/2013 10:13:11 PM.
     1>Project "D:\cocos2d\cocos2d-2.1beta3-x-2.1.1\TJGG\Classes\tinyxml\tinyxml_lib.vcxproj" on node 2 (Build target(s)).
     1>ClCompile:
         C:\Program Files (x86)\Microsoft Visual Studio 11.0\VC\bin\CL.exe /c /ZI /nologo /W4 /WX- /Od /Oy- /D WIN32 /D _DEBUG /D _LIB /D _VC80_UPGRADE=0x0600 /D _MBCS /Gm /EHsc /RTC1 /MTd /GS /fp:precise /Zc:wchar_t /Zc:forScope /Fo"D:\cocos2d\cocos2d-2.1beta3-x-2.1.1\TJGG\Classes\tinyxml\Debugtinyxml\\" /Fd"D:\cocos2d\cocos2d-2.1beta3-x-2.1.1\TJGG\Classes\tinyxml\Debugtinyxml\vc110.pdb" /FR"D:\cocos2d\cocos2d-2.1beta3-x-2.1.1\TJGG\Classes\tinyxml\Debugtinyxml\\" /Gd /TP /analyze- /errorReport:prompt tinystr.cpp tinyxml.cpp tinyxmlerror.cpp tinyxmlparser.cpp
         tinyxmlparser.cpp
         tinyxmlerror.cpp
         tinyxml.cpp
         tinystr.cpp
         Generating Code...
       Lib:
         C:\Program Files (x86)\Microsoft Visual Studio 11.0\VC\bin\Lib.exe /OUT:"D:\cocos2d\cocos2d-2.1beta3-x-2.1.1\TJGG\Classes\tinyxml\Debugtinyxml\tinyxml.lib" /NOLOGO "D:\cocos2d\cocos2d-2.1beta3-x-2.1.1\TJGG\Classes\tinyxml\Debugtinyxml\tinystr.obj"
         "D:\cocos2d\cocos2d-2.1beta3-x-2.1.1\TJGG\Classes\tinyxml\Debugtinyxml\tinyxml.obj"
         "D:\cocos2d\cocos2d-2.1beta3-x-2.1.1\TJGG\Classes\tinyxml\Debugtinyxml\tinyxmlerror.obj"
         "D:\cocos2d\cocos2d-2.1beta3-x-2.1.1\TJGG\Classes\tinyxml\Debugtinyxml\tinyxmlparser.obj"
         tinyxml_lib.vcxproj -> D:\cocos2d\cocos2d-2.1beta3-x-2.1.1\TJGG\Classes\tinyxml\Debugtinyxml\tinyxml.lib
       BscMake:
         C:\Program Files (x86)\Microsoft Visual Studio 11.0\VC\bin\bscmake.exe /nologo /o"D:\cocos2d\cocos2d-2.1beta3-x-2.1.1\TJGG\Classes\tinyxml\Debugtinyxml\tinyxml.bsc" "D:\cocos2d\cocos2d-2.1beta3-x-2.1.1\TJGG\Classes\tinyxml\Debugtinyxml\tinystr.sbr" "D:\cocos2d\cocos2d-2.1beta3-x-2.1.1\TJGG\Classes\tinyxml\Debugtinyxml\tinyxml.sbr" "D:\cocos2d\cocos2d-2.1beta3-x-2.1.1\TJGG\Classes\tinyxml\Debugtinyxml\tinyxmlerror.sbr" "D:\cocos2d\cocos2d-2.1beta3-x-2.1.1\TJGG\Classes\tinyxml\Debugtinyxml\tinyxmlparser.sbr"
     1>Done Building Project "D:\cocos2d\cocos2d-2.1beta3-x-2.1.1\TJGG\Classes\tinyxml\tinyxml_lib.vcxproj" (Build target(s)).

Build succeeded.

Time Elapsed 00:00:02.87
